c:\users\bogdan\desktop\projects\cpp-app\cpp-winform-app\debug\project.pch
c:\users\bogdan\desktop\projects\cpp-app\cpp-winform-app\debug\vc142.pdb
c:\users\bogdan\desktop\projects\cpp-app\cpp-winform-app\debug\pch.obj
c:\users\bogdan\desktop\projects\cpp-app\cpp-winform-app\debug\main.obj
c:\users\bogdan\desktop\projects\cpp-app\cpp-winform-app\debug\assemblyinfo.obj
c:\users\bogdan\desktop\projects\cpp-app\cpp-winform-app\debug\.netframework,version=v4.7.2.assemblyattributes.obj
c:\users\bogdan\desktop\projects\cpp-app\debug\project.exe
c:\users\bogdan\desktop\projects\cpp-app\debug\project.pdb
c:\users\bogdan\desktop\projects\cpp-app\cpp-winform-app\debug\cpp_winform_app.main.resources
c:\users\bogdan\desktop\projects\cpp-app\cpp-winform-app\debug\app.res
c:\users\bogdan\desktop\projects\cpp-app\cpp-winform-app\debug\cpp-winform-app.vcxprojassemblyreference.cache
c:\users\bogdan\desktop\projects\cpp-app\cpp-winform-app\debug\project.tlog\cl.command.1.tlog
c:\users\bogdan\desktop\projects\cpp-app\cpp-winform-app\debug\project.tlog\cl.read.1.tlog
c:\users\bogdan\desktop\projects\cpp-app\cpp-winform-app\debug\project.tlog\cl.write.1.tlog
c:\users\bogdan\desktop\projects\cpp-app\cpp-winform-app\debug\project.tlog\link.command.1.tlog
c:\users\bogdan\desktop\projects\cpp-app\cpp-winform-app\debug\project.tlog\link.read.1.tlog
c:\users\bogdan\desktop\projects\cpp-app\cpp-winform-app\debug\project.tlog\link.write.1.tlog
c:\users\bogdan\desktop\projects\cpp-app\cpp-winform-app\debug\project.tlog\metagen.read.1.tlog
c:\users\bogdan\desktop\projects\cpp-app\cpp-winform-app\debug\project.tlog\metagen.write.1.tlog
c:\users\bogdan\desktop\projects\cpp-app\cpp-winform-app\debug\project.tlog\project.write.1u.tlog
c:\users\bogdan\desktop\projects\cpp-app\cpp-winform-app\debug\project.tlog\rc.command.1.tlog
c:\users\bogdan\desktop\projects\cpp-app\cpp-winform-app\debug\project.tlog\rc.read.1.tlog
c:\users\bogdan\desktop\projects\cpp-app\cpp-winform-app\debug\project.tlog\rc.write.1.tlog
