c:\users\bogdan\desktop\projects\cpp-app\cpp-qt-app\release\cpp-qt-app.pch
c:\users\bogdan\desktop\projects\cpp-app\cpp-qt-app\release\stdafx.obj
c:\users\bogdan\desktop\projects\cpp-app\cpp-qt-app\release\main.obj
c:\users\bogdan\desktop\projects\cpp-app\cpp-qt-app\release\app.obj
c:\users\bogdan\desktop\projects\cpp-app\cpp-qt-app\release\moc_app.obj
c:\users\bogdan\desktop\projects\cpp-app\cpp-qt-app\release\qrc_app.obj
c:\users\bogdan\desktop\projects\cpp-app\cpp-qt-app\release\uic\ui_app.h
c:\users\bogdan\desktop\projects\cpp-app\cpp-qt-app\release\rcc\qrc_app.cpp
c:\users\bogdan\desktop\projects\cpp-app\cpp-qt-app\release\moc\moc_app.cpp
c:\users\bogdan\desktop\projects\cpp-app\release\cpp-qt-app.exe
c:\users\bogdan\desktop\projects\cpp-app\cpp-qt-app\release\cpp-qt-app.tlog\cl.command.1.tlog
c:\users\bogdan\desktop\projects\cpp-app\cpp-qt-app\release\cpp-qt-app.tlog\cl.read.1.tlog
c:\users\bogdan\desktop\projects\cpp-app\cpp-qt-app\release\cpp-qt-app.tlog\cl.write.1.tlog
c:\users\bogdan\desktop\projects\cpp-app\cpp-qt-app\release\cpp-qt-app.tlog\cpp-qt-app.write.1u.tlog
c:\users\bogdan\desktop\projects\cpp-app\cpp-qt-app\release\cpp-qt-app.tlog\link.command.1.tlog
c:\users\bogdan\desktop\projects\cpp-app\cpp-qt-app\release\cpp-qt-app.tlog\link.read.1.tlog
c:\users\bogdan\desktop\projects\cpp-app\cpp-qt-app\release\cpp-qt-app.tlog\link.write.1.tlog
c:\users\bogdan\desktop\projects\cpp-app\cpp-qt-app\release\cpp-qt-app.tlog\moc.read.1u.tlog
c:\users\bogdan\desktop\projects\cpp-app\cpp-qt-app\release\cpp-qt-app.tlog\moc.write.1u.tlog
c:\users\bogdan\desktop\projects\cpp-app\cpp-qt-app\release\cpp-qt-app.tlog\rcc.read.1u.tlog
c:\users\bogdan\desktop\projects\cpp-app\cpp-qt-app\release\cpp-qt-app.tlog\rcc.write.1u.tlog
c:\users\bogdan\desktop\projects\cpp-app\cpp-qt-app\release\cpp-qt-app.tlog\uic.read.1u.tlog
c:\users\bogdan\desktop\projects\cpp-app\cpp-qt-app\release\cpp-qt-app.tlog\uic.write.1u.tlog
