c:\users\bogdan\desktop\projects\cpp-app\cpp-winform-app\release\project.pch
c:\users\bogdan\desktop\projects\cpp-app\cpp-winform-app\release\vc142.pdb
c:\users\bogdan\desktop\projects\cpp-app\cpp-winform-app\release\pch.obj
c:\users\bogdan\desktop\projects\cpp-app\cpp-winform-app\release\main.obj
c:\users\bogdan\desktop\projects\cpp-app\cpp-winform-app\release\assemblyinfo.obj
c:\users\bogdan\desktop\projects\cpp-app\cpp-winform-app\release\.netframework,version=v4.7.2.assemblyattributes.obj
c:\users\bogdan\desktop\projects\cpp-app\release\project.exe
c:\users\bogdan\desktop\projects\cpp-app\release\project.pdb
c:\users\bogdan\desktop\projects\cpp-app\cpp-winform-app\release\cpp_winform_app.main.resources
c:\users\bogdan\desktop\projects\cpp-app\cpp-winform-app\release\app.res
c:\users\bogdan\desktop\projects\cpp-app\cpp-winform-app\release\project.tlog\cl.command.1.tlog
c:\users\bogdan\desktop\projects\cpp-app\cpp-winform-app\release\project.tlog\cl.read.1.tlog
c:\users\bogdan\desktop\projects\cpp-app\cpp-winform-app\release\project.tlog\cl.write.1.tlog
c:\users\bogdan\desktop\projects\cpp-app\cpp-winform-app\release\project.tlog\link.command.1.tlog
c:\users\bogdan\desktop\projects\cpp-app\cpp-winform-app\release\project.tlog\link.read.1.tlog
c:\users\bogdan\desktop\projects\cpp-app\cpp-winform-app\release\project.tlog\link.write.1.tlog
c:\users\bogdan\desktop\projects\cpp-app\cpp-winform-app\release\project.tlog\metagen.read.1.tlog
c:\users\bogdan\desktop\projects\cpp-app\cpp-winform-app\release\project.tlog\metagen.write.1.tlog
c:\users\bogdan\desktop\projects\cpp-app\cpp-winform-app\release\project.tlog\project.write.1u.tlog
c:\users\bogdan\desktop\projects\cpp-app\cpp-winform-app\release\project.tlog\rc.command.1.tlog
c:\users\bogdan\desktop\projects\cpp-app\cpp-winform-app\release\project.tlog\rc.read.1.tlog
c:\users\bogdan\desktop\projects\cpp-app\cpp-winform-app\release\project.tlog\rc.write.1.tlog
